-98282
-97840
-95862
-93919
-91205
-88843
-88164
-87564
-85842
-85502
-84223
-83540
-82840
-81094
-75953
-74843
-74742
-73351
-73284
-73235
-73057
-72675
-71706
-70419
-67203
-67089
-67060
-66152
-65173
-62876
-62740
-62419
-61603
-58193
-57683
-55819
-55190
-51859
-50687
-49665
-43455
-41892
-39865
-39534
-38875
-38721
-32845
-32425
-31140
-30019
-29108
-28876
-28359
-25810
-25059
-23830
-23707
-15495
-14620
-13612
-12209
-11582
-11176
-10638
-10275
-10202
-9390
-7443
-6989
-6955
-3573
-2274
-1006
-791
3047
4822
7420
7726
11460
11486
12537
12606
12756
13796
13981
15424
16052
16141
16217
17467
17584
19392
25599
26265
26911
29566
32269
35986
38421
39322
40609
43350
43718
47085
52364
55867
57025
57614
58515
60814
63473
64073
68808
71896
77004
77566
78161
81441
82736
84393
84512
88391
91672
91871
92944
-99518
-96490
-94885
-92483
-92092
-90311
-90110
-85001
-84246
-81912
-79086
-76174
-76089
-74582
-70565
-69745
-68699
-67445
-66742
-63599
-62603
-61661
-60959
-60727
-59635
-59110
-57637
-53698
-53667
-51227
-49876
-48020
-47030
-46150
-45750
-44990
-44317
-41671
-41519
-40908
-40314
-39626
-37629
-36372
-36119
-36082
-33989
-28750
-28445
-22399
-21943
-20927
-20136
-18678
-17417
-11772
-5548
-4859
-2037
-1953
-1866
-568
2407
6056
6545
7069
7635
8672
9444
10829
12139
13113
15765
15883
27537
29239
30998
31579
33054
35474
36773
38439
39550
40032
40797
41538
42457
42871
43142
44093
46367
48794
49799
50486
53032
57910
58421
63173
63309
64144
65191
65195
65428
67773
67860
69882
73245
74478
74684
75811
78473
79801
82528
82772
83507
86191
89689
90140
92903
93177
93776
94217
94739
96360
97208
-95455
-93841
-92340
-92272
-91040
-86180
-83156
-82833
-82240
-82091
-81945
-81226
-77876
-77081
-74094
-71331
-70877
-70624
-69701
-68639
-67119
-64606
-62665
-62014
-60392
-60258
-58447
-58030
-57836
-55311
-52321
-50026
-46894
-46342
-44971
-44964
-41235
-40690
-40573
-38822
-36797
-34273
-32411
-28677
-26195
-26146
-25467
-24664
-24524
-22230
-21024
-20237
-18070
-16487
-16389
-12604
-12063
-8080
-1667
-637
3182
4241
4402
12416
14424
15085
17238
21237
21733
22109
23332
24429
25878
26101
28632
30910
32305
34194
35806
37081
37109
38403
40638
42985
43499
46955
49948
51407
52647
53429
54273
55319
56659
57098
57338
59403
59431
60188
60803
62759
65010
65026
65487
65634
67351
67492
69080
71843
71897
72154
77880
78313
80572
82377
86549
87161
88013
90764
90839
91700
93543
93584
97916
98970
99311
-99446
-98096
-97445
-96333
-96169
-95002
-92523
-85789
-83049
-82422
-81489
-78256
-74555
-74204
-73989
-73526
-72331
-72145
-70035
-69590
-69495
-65663
-63311
-59343
-56806
-56481
-56263
-53084
-52284
-49610
-47403
-47137
-47088
-47078
-46030
-45174
-45030
-44877
-44395
-42919
-41840
-40643
-34496
-32412
-31488
-29764
-29474
-29011
-28013
-25503
-25271
-25062
-24215
-22255
-20278
-20273
-18622
-15305
-14827
-14270
-13572
-12788
-11429
-10915
-9411
-7274
-6401
-3037
-1523
-513
-289
-82
491
862
1572
2084
2258
2286
3386
3427
5246
9735
14582
17652
20824
20962
23588
26532
27962
28422
30061
30935
32319
32639
34195
34241
34326
35271
39809
41320
41672
42490
43375
44110
45718
46050
47505
53261
54484
56249
58008
59427
64991
74659
78378
78497
81296
85495
90206
91091
93794
95271
96163
98969
99766
-97565
-95080
-89872
-89574
-88146
-84952
-81234
-80926
-80007
-78539
-78537
-78336
-77627
-74765
-74533
-65837
-65197
-63376
-61781
-59269
-59262
-58830
-57590
-55517
-55157
-53543
-52883
-51680
-37863
-37646
-34830
-32444
-31712
-30285
-27873
-26568
-26019
-25106
-22479
-22403
-21792
-19968
-16579
-16052
-15081
-13478
-12895
-10134
-6672
-5431
-5219
-3969
-3017
-940
5586
6182
9701
9949
11489
11935
12146
13533
13812
15707
19054
23138
23308
25033
25069
25853
27981
28658
33801
36218
36471
37322
40082
44107
44299
45705
46231
47494
48433
48734
48942
50063
52261
52384
52415
53794
53970
54524
59900
63065
63697
66766
67230
69339
70635
71455
71536
72618
73288
74849
75208
76979
77723
83930
83937
87897
88229
89043
90505
90600
91764
92108
92974
93024
93534
94632
94695
96952
97944
98531
99791
-97729
-96730
-96359
-95667
-93920
-92899
-91622
-91014
-88470
-86296
-84557
-84425
-84199
-83147
-82144
-78913
-77428
-76359
-74287
-74012
-73030
-72027
-69879
-69202
-67076
-66795
-63308
-61945
-59961
-59380
-59337
-58850
-56847
-56432
-56319
-54291
-53405
-52716
-51920
-51658
-49896
-48901
-46905
-46378
-45929
-45642
-37538
-33254
-29237
-20860
-20467
-20407
-20024
-19209
-18055
-16972
-15521
-15178
-14673
-13207
-11381
-8839
-8443
-7089
-6068
-5025
-4666
-1222
621
1438
3011
5939
7696
7764
7767
14152
17252
18820
18846
20291
21585
22376
23333
25175
29959
37934
38937
40891
41055
41216
42173
44939
48104
49176
49502
49542
51568
52641
53509
55209
56524
57161
58943
60140
60507
60763
64542
65154
66325
66481
69542
70717
72649
74092
74230
75451
79786
79795
80723
82033
86354
87017
93183
95216
95548
-99845
-99176
-95859
-95426
-95034
-94584
-92610
-92436
-92349
-92150
-91308
-91252
-89778
-89501
-88207
-87947
-87776
-86915
-83918
-83770
-82393
-81692
-79245
-78876
-78834
-76045
-75084
-74038
-73874
-73719
-66978
-66925
-65942
-65238
-60396
-60361
-59814
-57477
-56637
-54925
-53761
-51669
-51281
-51066
-50914
-48598
-42020
-38026
-35691
-35586
-35195
-35176
-29431
-26106
-25007
-20607
-18709
-15191
-13783
-13499
-10773
-9331
-8128
-5619
-3498
-2760
-878
-260
1363
4554
5999
6187
6972
7234
8807
12583
12627
14181
19648
20763
20906
21065
21799
23796
24223
29340
30097
31186
32398
33700
34670
38761
38771
39654
42693
43849
44740
46688
47268
47389
48983
50251
50345
52830
53358
55106
55503
56340
57070
65425
72037
72745
73528
78274
78324
78595
84668
85050
89261
91107
91902
92519
93502
96668
97081
-97182
-92817
-89153
-86489
-84414
-83029
-79726
-77429
-75330
-73567
-72651
-72440
-71014
-69087
-67686
-67393
-64393
-64348
-61988
-61463
-61193
-60745
-58241
-55781
-55545
-53055
-51777
-48044
-47567
-47156
-41466
-40928
-38735
-37738
-31073
-29632
-29149
-28006
-25856
-25097
-23786
-21684
-20559
-18997
-16820
-13219
-11792
-11612
-11251
-11244
-10853
-9249
-6932
-5522
-2443
-318
0
860
1217
1658
6074
8330
9234
9450
9551
9735
11129
11654
13916
14021
16013
17638
18184
19148
19641
24714
26720
28675
28763
31055
32969
33285
34918
35227
37142
37967
38042
42629
42933
44772
44818
44996
50239
50384
50834
52686
52764
53492
53603
55027
56900
57957
58092
59352
63446
63665
66085
66229
68690
69026
71085
71514
71842
73412
75887
75950
80804
81904
83938
84489
88006
89408
96104
97381
97808
99937
