-99845
-99518
-99446
-99176
-98282
-98096
-97840
-97729
-97565
-97445
-97182
-96730
-96490
-96359
-96333
-96169
-95862
-95859
-95667
-95455
-95426
-95080
-95034
-95002
-94885
-94584
-93920
-93919
-93841
-92899
-92817
-92610
-92523
-92483
-92436
-92349
-92340
-92272
-92150
-92092
-91622
-91308
-91252
-91205
-91040
-91014
-90311
-90110
-89872
-89778
-89574
-89501
-89153
-88843
-88470
-88207
-88164
-88146
-87947
-87776
-87564
-86915
-86489
-86296
-86180
-85842
-85789
-85502
-85001
-84952
-84557
-84425
-84414
-84246
-84223
-84199
-83918
-83770
-83540
-83156
-83147
-83049
-83029
-82840
-82833
-82422
-82393
-82240
-82144
-82091
-81945
-81912
-81692
-81489
-81234
-81226
-81094
-80926
-80007
-79726
-79245
-79086
-78913
-78876
-78834
-78539
-78537
-78336
-78256
-77876
-77627
-77429
-77428
-77081
-76359
-76174
-76089
-76045
-75953
-75330
-75084
-74843
-74765
-74742
-74582
-74555
-74533
-74287
-74204
-74094
-74038
-74012
-73989
-73874
-73719
-73567
-73526
-73351
-73284
-73235
-73057
-73030
-72675
-72651
-72440
-72331
-72145
-72027
-71706
-71331
-71014
-70877
-70624
-70565
-70419
-70035
-69879
-69745
-69701
-69590
-69495
-69202
-69087
-68699
-68639
-67686
-67445
-67393
-67203
-67119
-67089
-67076
-67060
-66978
-66925
-66795
-66742
-66152
-65942
-65837
-65663
-65238
-65197
-65173
-64606
-64393
-64348
-63599
-63376
-63311
-63308
-62876
-62740
-62665
-62603
-62419
-62014
-61988
-61945
-61781
-61661
-61603
-61463
-61193
-60959
-60745
-60727
-60396
-60392
-60361
-60258
-59961
-59814
-59635
-59380
-59343
-59337
-59269
-59262
-59110
-58850
-58830
-58447
-58241
-58193
-58030
-57836
-57683
-57637
-57590
-57477
-56847
-56806
-56637
-56481
-56432
-56319
-56263
-55819
-55781
-55545
-55517
-55311
-55190
-55157
-54925
-54291
-53761
-53698
-53667
-53543
-53405
-53084
-53055
-52883
-52716
-52321
-52284
-51920
-51859
-51777
-51680
-51669
-51658
-51281
-51227
-51066
-50914
-50687
-50026
-49896
-49876
-49665
-49610
-48901
-48598
-48044
-48020
-47567
-47403
-47156
-47137
-47088
-47078
-47030
-46905
-46894
-46378
-46342
-46150
-46030
-45929
-45750
-45642
-45174
-45030
-44990
-44971
-44964
-44877
-44395
-44317
-43455
-42919
-42020
-41892
-41840
-41671
-41519
-41466
-41235
-40928
-40908
-40690
-40643
-40573
-40314
-39865
-39626
-39534
-38875
-38822
-38735
-38721
-38026
-37863
-37738
-37646
-37629
-37538
-36797
-36372
-36119
-36082
-35691
-35586
-35195
-35176
-34830
-34496
-34273
-33989
-33254
-32845
-32444
-32425
-32412
-32411
-31712
-31488
-31140
-31073
-30285
-30019
-29764
-29632
-29474
-29431
-29237
-29149
-29108
-29011
-28876
-28750
-28677
-28445
-28359
-28013
-28006
-27873
-26568
-26195
-26146
-26106
-26019
-25856
-25810
-25503
-25467
-25271
-25106
-25097
-25062
-25059
-25007
-24664
-24524
-24215
-23830
-23786
-23707
-22479
-22403
-22399
-22255
-22230
-21943
-21792
-21684
-21024
-20927
-20860
-20607
-20559
-20467
-20407
-20278
-20273
-20237
-20136
-20024
-19968
-19209
-18997
-18709
-18678
-18622
-18070
-18055
-17417
-16972
-16820
-16579
-16487
-16389
-16052
-15521
-15495
-15305
-15191
-15178
-15081
-14827
-14673
-14620
-14270
-13783
-13612
-13572
-13499
-13478
-13219
-13207
-12895
-12788
-12604
-12209
-12063
-11792
-11772
-11612
-11582
-11429
-11381
-11251
-11244
-11176
-10915
-10853
-10773
-10638
-10275
-10202
-10134
-9411
-9390
-9331
-9249
-8839
-8443
-8128
-8080
-7443
-7274
-7089
-6989
-6955
-6932
-6672
-6401
-6068
-5619
-5548
-5522
-5431
-5219
-5025
-4859
-4666
-3969
-3573
-3498
-3037
-3017
-2760
-2443
-2274
-2037
-1953
-1866
-1667
-1523
-1222
-1006
-940
-878
-791
-637
-568
-513
-318
-289
-260
-82
491
621
860
862
1217
1363
1438
1572
1658
2084
2258
2286
2407
3011
3047
3182
3386
3427
4241
4402
4554
4822
5246
5586
5939
5999
6056
6074
6182
6187
6545
6972
7069
7234
7420
7635
7696
7726
7764
7767
8330
8672
8807
9234
9444
9450
9551
9701
9735
9735
9949
10829
11129
11460
11486
11489
11654
11935
12139
12146
12416
12537
12583
12606
12627
12756
13113
13533
13796
13812
13916
13981
14021
14152
14181
14424
14582
15085
15424
15707
15765
15883
16013
16052
16141
16217
17238
17252
17467
17584
17638
17652
18184
18820
18846
19054
19148
19392
19641
19648
20291
20763
20824
20906
20962
21065
21237
21585
21733
21799
22109
22376
23138
23308
23332
23333
23588
23796
24223
24429
24714
25033
25069
25175
25599
25853
25878
26101
26265
26532
26720
26911
27537
27962
27981
28422
28632
28658
28675
28763
29239
29340
29566
29959
30061
30097
30910
30935
30998
31055
31186
31579
32269
32305
32319
32398
32639
32969
33054
33285
33700
33801
34194
34195
34241
34326
34670
34918
35227
35271
35474
35806
35986
36218
36471
36773
37081
37109
37142
37322
37934
37967
38042
38403
38421
38439
38761
38771
38937
39322
39550
39654
39809
40032
40082
40609
40638
40797
40891
41055
41216
41320
41538
41672
42173
42457
42490
42629
42693
42871
42933
42985
43142
43350
43375
43499
43718
43849
44093
44107
44110
44299
44740
44772
44818
44939
44996
45705
45718
46050
46231
46367
46688
46955
47085
47268
47389
47494
47505
48104
48433
48734
48794
48942
48983
49176
49502
49542
49799
49948
50063
50239
50251
50345
50384
50486
50834
51407
51568
52261
52364
52384
52415
52641
52647
52686
52764
52830
53032
53261
53358
53429
53492
53509
53603
53794
53970
54273
54484
54524
55027
55106
55209
55319
55503
55867
56249
56340
56524
56659
56900
57025
57070
57098
57161
57338
57614
57910
57957
58008
58092
58421
58515
58943
59352
59403
59427
59431
59900
60140
60188
60507
60763
60803
60814
62759
63065
63173
63309
63446
63473
63665
63697
64073
64144
64542
64991
65010
65026
65154
65191
65195
65425
65428
65487
65634
66085
66229
66325
66481
66766
67230
67351
67492
67773
67860
68690
68808
69026
69080
69339
69542
69882
70635
70717
71085
71455
71514
71536
71842
71843
71896
71897
72037
72154
72618
72649
72745
73245
73288
73412
73528
74092
74230
74478
74659
74684
74849
75208
75451
75811
75887
75950
76979
77004
77566
77723
77880
78161
78274
78313
78324
78378
78473
78497
78595
79786
79795
79801
80572
80723
80804
81296
81441
81904
82033
82377
82528
82736
82772
83507
83930
83937
83938
84393
84489
84512
84668
85050
85495
86191
86354
86549
87017
87161
87897
88006
88013
88229
88391
89043
89261
89408
89689
90140
90206
90505
90600
90764
90839
91091
91107
91672
91700
91764
91871
91902
92108
92519
92903
92944
92974
93024
93177
93183
93502
93534
93543
93584
93776
93794
94217
94632
94695
94739
95216
95271
95548
96104
96163
96360
96668
96952
97081
97208
97381
97808
97916
97944
98531
98969
98970
99311
99766
99791
99937
